<?xml version="1.0" encoding="UTF-8"?>
<!-- Generated by org.testng.reporters.JUnitReportReporter -->
<testsuite hostname="Ramadevis-MacBook-Pro.local" failures="0" tests="1" name="testCases.TC001_AccountRegistrationTest" time="2.098" errors="0" timestamp="2025-09-27T12:50:51 PDT" skipped="0">
  <testcase classname="testCases.TC001_AccountRegistrationTest" name="verify_account_registration" time="2.098"/>
</testsuite> <!-- testCases.TC001_AccountRegistrationTest -->
